INFO - 2023-12-05 10:58:37 --> Session: Class initialized using 'CodeIgniter\Session\Handlers\FileHandler' driver.
INFO - 2023-12-05 10:58:37 --> Session: Class initialized using 'CodeIgniter\Session\Handlers\FileHandler' driver.
INFO - 2023-12-05 10:58:42 --> Session: Class initialized using 'CodeIgniter\Session\Handlers\FileHandler' driver.
INFO - 2023-12-05 10:58:42 --> Session: Class initialized using 'CodeIgniter\Session\Handlers\FileHandler' driver.
INFO - 2023-12-05 10:58:54 --> Session: Class initialized using 'CodeIgniter\Session\Handlers\FileHandler' driver.
INFO - 2023-12-05 10:58:55 --> Session: Class initialized using 'CodeIgniter\Session\Handlers\FileHandler' driver.
INFO - 2023-12-05 10:58:57 --> Session: Class initialized using 'CodeIgniter\Session\Handlers\FileHandler' driver.
INFO - 2023-12-05 11:01:33 --> Session: Class initialized using 'CodeIgniter\Session\Handlers\FileHandler' driver.
INFO - 2023-12-05 11:01:37 --> Session: Class initialized using 'CodeIgniter\Session\Handlers\FileHandler' driver.
INFO - 2023-12-05 11:01:37 --> Session: Class initialized using 'CodeIgniter\Session\Handlers\FileHandler' driver.
INFO - 2023-12-05 11:01:52 --> Session: Class initialized using 'CodeIgniter\Session\Handlers\FileHandler' driver.
INFO - 2023-12-05 11:01:52 --> Session: Class initialized using 'CodeIgniter\Session\Handlers\FileHandler' driver.
INFO - 2023-12-05 11:02:27 --> Session: Class initialized using 'CodeIgniter\Session\Handlers\FileHandler' driver.
INFO - 2023-12-05 11:02:27 --> Session: Class initialized using 'CodeIgniter\Session\Handlers\FileHandler' driver.
INFO - 2023-12-05 11:02:30 --> Session: Class initialized using 'CodeIgniter\Session\Handlers\FileHandler' driver.
INFO - 2023-12-05 11:02:32 --> Session: Class initialized using 'CodeIgniter\Session\Handlers\FileHandler' driver.
INFO - 2023-12-05 11:02:33 --> Session: Class initialized using 'CodeIgniter\Session\Handlers\FileHandler' driver.
INFO - 2023-12-05 11:02:34 --> Session: Class initialized using 'CodeIgniter\Session\Handlers\FileHandler' driver.
INFO - 2023-12-05 11:02:35 --> Session: Class initialized using 'CodeIgniter\Session\Handlers\FileHandler' driver.
INFO - 2023-12-05 11:02:38 --> Session: Class initialized using 'CodeIgniter\Session\Handlers\FileHandler' driver.
ERROR - 2023-12-05 11:03:08 --> Email: sendWithSmtp throwed ErrorException: fsockopen(): Unable to connect to smtp.gmail.com:587 (A connection attempt failed because the connected party did not properly respond after a period of time, or established connection failed because connected host has failed to respond) in C:\xampp\htdocs\GroupProjectISD3\CI4-McFaddan\system\Email\Email.php:1888
Stack trace:
#0 [internal function]: CodeIgniter\Debug\Exceptions->errorHandler(2, 'fsockopen(): Un...', 'C:\\xampp\\htdocs...', 1888)
#1 C:\xampp\htdocs\GroupProjectISD3\CI4-McFaddan\system\Email\Email.php(1888): fsockopen('smtp.gmail.com', 587, NULL, NULL, 60)
#2 C:\xampp\htdocs\GroupProjectISD3\CI4-McFaddan\system\Email\Email.php(1796): CodeIgniter\Email\Email->SMTPConnect()
#3 C:\xampp\htdocs\GroupProjectISD3\CI4-McFaddan\system\Email\Email.php(1681): CodeIgniter\Email\Email->sendWithSmtp()
#4 C:\xampp\htdocs\GroupProjectISD3\CI4-McFaddan\system\Email\Email.php(1575): CodeIgniter\Email\Email->spoolEmail()
#5 C:\xampp\htdocs\GroupProjectISD3\CI4-McFaddan\app\Controllers\MemberController.php(109): CodeIgniter\Email\Email->send()
#6 C:\xampp\htdocs\GroupProjectISD3\CI4-McFaddan\system\CodeIgniter.php(919): App\Controllers\MemberController->contactUs()
#7 C:\xampp\htdocs\GroupProjectISD3\CI4-McFaddan\system\CodeIgniter.php(494): CodeIgniter\CodeIgniter->runController(Object(App\Controllers\MemberController))
#8 C:\xampp\htdocs\GroupProjectISD3\CI4-McFaddan\system\CodeIgniter.php(353): CodeIgniter\CodeIgniter->handleRequest(NULL, Object(Config\Cache), false)
#9 C:\xampp\htdocs\GroupProjectISD3\CI4-McFaddan\public\index.php(79): CodeIgniter\CodeIgniter->run()
#10 {main}
ERROR - 2023-12-05 11:03:08 --> Email: Unable to send email using SMTP. Your server might not be configured to send mail using this method.
ERROR - 2023-12-05 11:03:08 --> 
ERROR - 2023-12-05 11:12:20 --> Email: sendWithSmtp throwed ErrorException: fsockopen(): Unable to connect to smtp.gmail.com:587 (A connection attempt failed because the connected party did not properly respond after a period of time, or established connection failed because connected host has failed to respond) in C:\xampp\htdocs\GroupProjectISD3\CI4-McFaddan\system\Email\Email.php:1888
Stack trace:
#0 [internal function]: CodeIgniter\Debug\Exceptions->errorHandler(2, 'fsockopen(): Un...', 'C:\\xampp\\htdocs...', 1888)
#1 C:\xampp\htdocs\GroupProjectISD3\CI4-McFaddan\system\Email\Email.php(1888): fsockopen('smtp.gmail.com', 587, NULL, NULL, 60)
#2 C:\xampp\htdocs\GroupProjectISD3\CI4-McFaddan\system\Email\Email.php(1796): CodeIgniter\Email\Email->SMTPConnect()
#3 C:\xampp\htdocs\GroupProjectISD3\CI4-McFaddan\system\Email\Email.php(1681): CodeIgniter\Email\Email->sendWithSmtp()
#4 C:\xampp\htdocs\GroupProjectISD3\CI4-McFaddan\system\Email\Email.php(1575): CodeIgniter\Email\Email->spoolEmail()
#5 C:\xampp\htdocs\GroupProjectISD3\CI4-McFaddan\app\Controllers\MemberController.php(109): CodeIgniter\Email\Email->send()
#6 C:\xampp\htdocs\GroupProjectISD3\CI4-McFaddan\system\CodeIgniter.php(919): App\Controllers\MemberController->contactUs()
#7 C:\xampp\htdocs\GroupProjectISD3\CI4-McFaddan\system\CodeIgniter.php(494): CodeIgniter\CodeIgniter->runController(Object(App\Controllers\MemberController))
#8 C:\xampp\htdocs\GroupProjectISD3\CI4-McFaddan\system\CodeIgniter.php(353): CodeIgniter\CodeIgniter->handleRequest(NULL, Object(Config\Cache), false)
#9 C:\xampp\htdocs\GroupProjectISD3\CI4-McFaddan\public\index.php(79): CodeIgniter\CodeIgniter->run()
#10 {main}
ERROR - 2023-12-05 11:12:20 --> Email: Unable to send email using SMTP. Your server might not be configured to send mail using this method.
ERROR - 2023-12-05 11:12:20 --> 
INFO - 2023-12-05 11:16:10 --> Session: Class initialized using 'CodeIgniter\Session\Handlers\FileHandler' driver.
ERROR - 2023-12-05 11:16:33 --> Email: sendWithSmtp throwed ErrorException: fsockopen(): Unable to connect to ssl://smtp.gmail.com:587 (A connection attempt failed because the connected party did not properly respond after a period of time, or established connection failed because connected host has failed to respond) in C:\xampp\htdocs\GroupProjectISD3\CI4-McFaddan\system\Email\Email.php:1888
Stack trace:
#0 [internal function]: CodeIgniter\Debug\Exceptions->errorHandler(2, 'fsockopen(): Un...', 'C:\\xampp\\htdocs...', 1888)
#1 C:\xampp\htdocs\GroupProjectISD3\CI4-McFaddan\system\Email\Email.php(1888): fsockopen('ssl://smtp.gmai...', 587, NULL, NULL, 60)
#2 C:\xampp\htdocs\GroupProjectISD3\CI4-McFaddan\system\Email\Email.php(1796): CodeIgniter\Email\Email->SMTPConnect()
#3 C:\xampp\htdocs\GroupProjectISD3\CI4-McFaddan\system\Email\Email.php(1681): CodeIgniter\Email\Email->sendWithSmtp()
#4 C:\xampp\htdocs\GroupProjectISD3\CI4-McFaddan\system\Email\Email.php(1575): CodeIgniter\Email\Email->spoolEmail()
#5 C:\xampp\htdocs\GroupProjectISD3\CI4-McFaddan\app\Controllers\MemberController.php(109): CodeIgniter\Email\Email->send()
#6 C:\xampp\htdocs\GroupProjectISD3\CI4-McFaddan\system\CodeIgniter.php(919): App\Controllers\MemberController->contactUs()
#7 C:\xampp\htdocs\GroupProjectISD3\CI4-McFaddan\system\CodeIgniter.php(494): CodeIgniter\CodeIgniter->runController(Object(App\Controllers\MemberController))
#8 C:\xampp\htdocs\GroupProjectISD3\CI4-McFaddan\system\CodeIgniter.php(353): CodeIgniter\CodeIgniter->handleRequest(NULL, Object(Config\Cache), false)
#9 C:\xampp\htdocs\GroupProjectISD3\CI4-McFaddan\public\index.php(79): CodeIgniter\CodeIgniter->run()
#10 {main}
ERROR - 2023-12-05 11:16:33 --> Email: Unable to send email using SMTP. Your server might not be configured to send mail using this method.
ERROR - 2023-12-05 11:16:33 --> 
INFO - 2023-12-05 11:19:31 --> Session: Class initialized using 'CodeIgniter\Session\Handlers\FileHandler' driver.
ERROR - 2023-12-05 11:19:53 --> Email: sendWithSmtp throwed ErrorException: fsockopen(): Unable to connect to ssl://smtp.gmail.com:587 (A connection attempt failed because the connected party did not properly respond after a period of time, or established connection failed because connected host has failed to respond) in C:\xampp\htdocs\GroupProjectISD3\CI4-McFaddan\system\Email\Email.php:1888
Stack trace:
#0 [internal function]: CodeIgniter\Debug\Exceptions->errorHandler(2, 'fsockopen(): Un...', 'C:\\xampp\\htdocs...', 1888)
#1 C:\xampp\htdocs\GroupProjectISD3\CI4-McFaddan\system\Email\Email.php(1888): fsockopen('ssl://smtp.gmai...', 587, NULL, NULL, 60)
#2 C:\xampp\htdocs\GroupProjectISD3\CI4-McFaddan\system\Email\Email.php(1796): CodeIgniter\Email\Email->SMTPConnect()
#3 C:\xampp\htdocs\GroupProjectISD3\CI4-McFaddan\system\Email\Email.php(1681): CodeIgniter\Email\Email->sendWithSmtp()
#4 C:\xampp\htdocs\GroupProjectISD3\CI4-McFaddan\system\Email\Email.php(1575): CodeIgniter\Email\Email->spoolEmail()
#5 C:\xampp\htdocs\GroupProjectISD3\CI4-McFaddan\app\Controllers\MemberController.php(109): CodeIgniter\Email\Email->send()
#6 C:\xampp\htdocs\GroupProjectISD3\CI4-McFaddan\system\CodeIgniter.php(919): App\Controllers\MemberController->contactUs()
#7 C:\xampp\htdocs\GroupProjectISD3\CI4-McFaddan\system\CodeIgniter.php(494): CodeIgniter\CodeIgniter->runController(Object(App\Controllers\MemberController))
#8 C:\xampp\htdocs\GroupProjectISD3\CI4-McFaddan\system\CodeIgniter.php(353): CodeIgniter\CodeIgniter->handleRequest(NULL, Object(Config\Cache), false)
#9 C:\xampp\htdocs\GroupProjectISD3\CI4-McFaddan\public\index.php(79): CodeIgniter\CodeIgniter->run()
#10 {main}
ERROR - 2023-12-05 11:19:53 --> Email: Unable to send email using SMTP. Your server might not be configured to send mail using this method.
ERROR - 2023-12-05 11:19:53 --> 
CRITICAL - 2023-12-05 11:38:46 --> Undefined property: App\Controllers\MemberController::$load
in APPPATH\Controllers\MemberController.php on line 101.
 1 APPPATH\Controllers\MemberController.php(101): CodeIgniter\Debug\Exceptions->errorHandler(2, 'Undefined property: App\\Controllers\\MemberController::$load', 'C:\\xampp\\htdocs\\GroupProjectISD3\\CI4-McFaddan\\app\\Controllers\\MemberController.php', 101)
 2 SYSTEMPATH\CodeIgniter.php(919): App\Controllers\MemberController->contactUs()
 3 SYSTEMPATH\CodeIgniter.php(494): CodeIgniter\CodeIgniter->runController(Object(App\Controllers\MemberController))
 4 SYSTEMPATH\CodeIgniter.php(353): CodeIgniter\CodeIgniter->handleRequest(null, Object(Config\Cache), false)
 5 FCPATH\index.php(79): CodeIgniter\CodeIgniter->run()
ERROR - 2023-12-05 11:40:03 --> Email: sendWithSmtp throwed ErrorException: fsockopen(): Unable to connect to smtp.gmail.com:587 (A connection attempt failed because the connected party did not properly respond after a period of time, or established connection failed because connected host has failed to respond) in C:\xampp\htdocs\GroupProjectISD3\CI4-McFaddan\system\Email\Email.php:1888
Stack trace:
#0 [internal function]: CodeIgniter\Debug\Exceptions->errorHandler(2, 'fsockopen(): Un...', 'C:\\xampp\\htdocs...', 1888)
#1 C:\xampp\htdocs\GroupProjectISD3\CI4-McFaddan\system\Email\Email.php(1888): fsockopen('smtp.gmail.com', 587, NULL, NULL, 60)
#2 C:\xampp\htdocs\GroupProjectISD3\CI4-McFaddan\system\Email\Email.php(1796): CodeIgniter\Email\Email->SMTPConnect()
#3 C:\xampp\htdocs\GroupProjectISD3\CI4-McFaddan\system\Email\Email.php(1681): CodeIgniter\Email\Email->sendWithSmtp()
#4 C:\xampp\htdocs\GroupProjectISD3\CI4-McFaddan\system\Email\Email.php(1575): CodeIgniter\Email\Email->spoolEmail()
#5 C:\xampp\htdocs\GroupProjectISD3\CI4-McFaddan\app\Controllers\MemberController.php(109): CodeIgniter\Email\Email->send()
#6 C:\xampp\htdocs\GroupProjectISD3\CI4-McFaddan\system\CodeIgniter.php(919): App\Controllers\MemberController->contactUs()
#7 C:\xampp\htdocs\GroupProjectISD3\CI4-McFaddan\system\CodeIgniter.php(494): CodeIgniter\CodeIgniter->runController(Object(App\Controllers\MemberController))
#8 C:\xampp\htdocs\GroupProjectISD3\CI4-McFaddan\system\CodeIgniter.php(353): CodeIgniter\CodeIgniter->handleRequest(NULL, Object(Config\Cache), false)
#9 C:\xampp\htdocs\GroupProjectISD3\CI4-McFaddan\public\index.php(79): CodeIgniter\CodeIgniter->run()
#10 {main}
ERROR - 2023-12-05 11:40:03 --> Email: Unable to send email using SMTP. Your server might not be configured to send mail using this method.
ERROR - 2023-12-05 11:40:03 --> 
INFO - 2023-12-05 11:42:59 --> Session: Class initialized using 'CodeIgniter\Session\Handlers\FileHandler' driver.
INFO - 2023-12-05 11:43:02 --> Session: Class initialized using 'CodeIgniter\Session\Handlers\FileHandler' driver.
ERROR - 2023-12-05 11:43:10 --> Email: sendWithSmtp throwed ErrorException: fsockopen(): Unable to connect to smtp.gmail.com:587 (A connection attempt failed because the connected party did not properly respond after a period of time, or established connection failed because connected host has failed to respond) in C:\xampp\htdocs\GroupProjectISD3\CI4-McFaddan\system\Email\Email.php:1888
Stack trace:
#0 [internal function]: CodeIgniter\Debug\Exceptions->errorHandler(2, 'fsockopen(): Un...', 'C:\\xampp\\htdocs...', 1888)
#1 C:\xampp\htdocs\GroupProjectISD3\CI4-McFaddan\system\Email\Email.php(1888): fsockopen('smtp.gmail.com', 587, NULL, NULL, 60)
#2 C:\xampp\htdocs\GroupProjectISD3\CI4-McFaddan\system\Email\Email.php(1796): CodeIgniter\Email\Email->SMTPConnect()
#3 C:\xampp\htdocs\GroupProjectISD3\CI4-McFaddan\system\Email\Email.php(1681): CodeIgniter\Email\Email->sendWithSmtp()
#4 C:\xampp\htdocs\GroupProjectISD3\CI4-McFaddan\system\Email\Email.php(1575): CodeIgniter\Email\Email->spoolEmail()
#5 C:\xampp\htdocs\GroupProjectISD3\CI4-McFaddan\app\Controllers\MemberController.php(109): CodeIgniter\Email\Email->send()
#6 C:\xampp\htdocs\GroupProjectISD3\CI4-McFaddan\system\CodeIgniter.php(919): App\Controllers\MemberController->contactUs()
#7 C:\xampp\htdocs\GroupProjectISD3\CI4-McFaddan\system\CodeIgniter.php(494): CodeIgniter\CodeIgniter->runController(Object(App\Controllers\MemberController))
#8 C:\xampp\htdocs\GroupProjectISD3\CI4-McFaddan\system\CodeIgniter.php(353): CodeIgniter\CodeIgniter->handleRequest(NULL, Object(Config\Cache), false)
#9 C:\xampp\htdocs\GroupProjectISD3\CI4-McFaddan\public\index.php(79): CodeIgniter\CodeIgniter->run()
#10 {main}
ERROR - 2023-12-05 11:43:10 --> Email: Unable to send email using SMTP. Your server might not be configured to send mail using this method.
ERROR - 2023-12-05 11:43:10 --> 
ERROR - 2023-12-05 11:43:29 --> Email: sendWithSmtp throwed ErrorException: fsockopen(): Unable to connect to smtp.gmail.com:587 (A connection attempt failed because the connected party did not properly respond after a period of time, or established connection failed because connected host has failed to respond) in C:\xampp\htdocs\GroupProjectISD3\CI4-McFaddan\system\Email\Email.php:1888
Stack trace:
#0 [internal function]: CodeIgniter\Debug\Exceptions->errorHandler(2, 'fsockopen(): Un...', 'C:\\xampp\\htdocs...', 1888)
#1 C:\xampp\htdocs\GroupProjectISD3\CI4-McFaddan\system\Email\Email.php(1888): fsockopen('smtp.gmail.com', 587, NULL, NULL, 60)
#2 C:\xampp\htdocs\GroupProjectISD3\CI4-McFaddan\system\Email\Email.php(1796): CodeIgniter\Email\Email->SMTPConnect()
#3 C:\xampp\htdocs\GroupProjectISD3\CI4-McFaddan\system\Email\Email.php(1681): CodeIgniter\Email\Email->sendWithSmtp()
#4 C:\xampp\htdocs\GroupProjectISD3\CI4-McFaddan\system\Email\Email.php(1575): CodeIgniter\Email\Email->spoolEmail()
#5 C:\xampp\htdocs\GroupProjectISD3\CI4-McFaddan\app\Controllers\MemberController.php(109): CodeIgniter\Email\Email->send()
#6 C:\xampp\htdocs\GroupProjectISD3\CI4-McFaddan\system\CodeIgniter.php(919): App\Controllers\MemberController->contactUs()
#7 C:\xampp\htdocs\GroupProjectISD3\CI4-McFaddan\system\CodeIgniter.php(494): CodeIgniter\CodeIgniter->runController(Object(App\Controllers\MemberController))
#8 C:\xampp\htdocs\GroupProjectISD3\CI4-McFaddan\system\CodeIgniter.php(353): CodeIgniter\CodeIgniter->handleRequest(NULL, Object(Config\Cache), false)
#9 C:\xampp\htdocs\GroupProjectISD3\CI4-McFaddan\public\index.php(79): CodeIgniter\CodeIgniter->run()
#10 {main}
ERROR - 2023-12-05 11:43:29 --> Email: Unable to send email using SMTP. Your server might not be configured to send mail using this method.
ERROR - 2023-12-05 11:43:29 --> 
ERROR - 2023-12-05 11:46:33 --> Email: sendWithSmtp throwed ErrorException: fsockopen(): Unable to connect to smtp.gmail.com:587 (A connection attempt failed because the connected party did not properly respond after a period of time, or established connection failed because connected host has failed to respond) in C:\xampp\htdocs\GroupProjectISD3\CI4-McFaddan\system\Email\Email.php:1888
Stack trace:
#0 [internal function]: CodeIgniter\Debug\Exceptions->errorHandler(2, 'fsockopen(): Un...', 'C:\\xampp\\htdocs...', 1888)
#1 C:\xampp\htdocs\GroupProjectISD3\CI4-McFaddan\system\Email\Email.php(1888): fsockopen('smtp.gmail.com', 587, NULL, NULL, 60)
#2 C:\xampp\htdocs\GroupProjectISD3\CI4-McFaddan\system\Email\Email.php(1796): CodeIgniter\Email\Email->SMTPConnect()
#3 C:\xampp\htdocs\GroupProjectISD3\CI4-McFaddan\system\Email\Email.php(1681): CodeIgniter\Email\Email->sendWithSmtp()
#4 C:\xampp\htdocs\GroupProjectISD3\CI4-McFaddan\system\Email\Email.php(1575): CodeIgniter\Email\Email->spoolEmail()
#5 C:\xampp\htdocs\GroupProjectISD3\CI4-McFaddan\app\Controllers\MemberController.php(109): CodeIgniter\Email\Email->send()
#6 C:\xampp\htdocs\GroupProjectISD3\CI4-McFaddan\system\CodeIgniter.php(919): App\Controllers\MemberController->contactUs()
#7 C:\xampp\htdocs\GroupProjectISD3\CI4-McFaddan\system\CodeIgniter.php(494): CodeIgniter\CodeIgniter->runController(Object(App\Controllers\MemberController))
#8 C:\xampp\htdocs\GroupProjectISD3\CI4-McFaddan\system\CodeIgniter.php(353): CodeIgniter\CodeIgniter->handleRequest(NULL, Object(Config\Cache), false)
#9 C:\xampp\htdocs\GroupProjectISD3\CI4-McFaddan\public\index.php(79): CodeIgniter\CodeIgniter->run()
#10 {main}
ERROR - 2023-12-05 11:46:33 --> Email: Unable to send email using SMTP. Your server might not be configured to send mail using this method.
ERROR - 2023-12-05 11:46:33 --> 
INFO - 2023-12-05 12:49:22 --> Session: Class initialized using 'CodeIgniter\Session\Handlers\FileHandler' driver.
INFO - 2023-12-05 12:49:22 --> Session: Class initialized using 'CodeIgniter\Session\Handlers\FileHandler' driver.
INFO - 2023-12-05 12:49:23 --> Session: Class initialized using 'CodeIgniter\Session\Handlers\FileHandler' driver.
INFO - 2023-12-05 12:49:28 --> Session: Class initialized using 'CodeIgniter\Session\Handlers\FileHandler' driver.
INFO - 2023-12-05 12:49:28 --> Session: Class initialized using 'CodeIgniter\Session\Handlers\FileHandler' driver.
INFO - 2023-12-05 12:49:31 --> Session: Class initialized using 'CodeIgniter\Session\Handlers\FileHandler' driver.
INFO - 2023-12-05 12:49:32 --> Session: Class initialized using 'CodeIgniter\Session\Handlers\FileHandler' driver.
INFO - 2023-12-05 12:49:32 --> Session: Class initialized using 'CodeIgniter\Session\Handlers\FileHandler' driver.
INFO - 2023-12-05 12:49:35 --> Session: Class initialized using 'CodeIgniter\Session\Handlers\FileHandler' driver.
INFO - 2023-12-05 12:49:39 --> Session: Class initialized using 'CodeIgniter\Session\Handlers\FileHandler' driver.
INFO - 2023-12-05 12:49:39 --> Session: Class initialized using 'CodeIgniter\Session\Handlers\FileHandler' driver.
INFO - 2023-12-05 12:49:55 --> Session: Class initialized using 'CodeIgniter\Session\Handlers\FileHandler' driver.
INFO - 2023-12-05 12:49:57 --> Session: Class initialized using 'CodeIgniter\Session\Handlers\FileHandler' driver.
INFO - 2023-12-05 12:50:08 --> Session: Class initialized using 'CodeIgniter\Session\Handlers\FileHandler' driver.
INFO - 2023-12-05 12:50:08 --> Session: Class initialized using 'CodeIgniter\Session\Handlers\FileHandler' driver.
INFO - 2023-12-05 12:50:10 --> Session: Class initialized using 'CodeIgniter\Session\Handlers\FileHandler' driver.
INFO - 2023-12-05 12:50:10 --> Session: Class initialized using 'CodeIgniter\Session\Handlers\FileHandler' driver.
