CRITICAL - 2023-11-07 09:40:56 --> Undefined array key "stock"
in APPPATH\Views\productsDashboard.php on line 104.
 1 APPPATH\Views\productsDashboard.php(104): CodeIgniter\Debug\Exceptions->errorHandler(2, 'Undefined array key "stock"', 'C:\\xampp\\htdocs\\CI4-McFaddan\\app\\Views\\productsDashboard.php', 104)
 2 SYSTEMPATH\View\View.php(226): include('C:\\xampp\\htdocs\\CI4-McFaddan\\app\\Views\\productsDashboard.php')
 3 SYSTEMPATH\View\View.php(229): CodeIgniter\View\View->CodeIgniter\View\{closure}()
 4 SYSTEMPATH\Common.php(1188): CodeIgniter\View\View->render('productsDashboard', [], true)
 5 APPPATH\Controllers\AdminDashboardController.php(14): view('productsDashboard', [...])
 6 SYSTEMPATH\CodeIgniter.php(919): App\Controllers\AdminDashboardController->index()
 7 SYSTEMPATH\CodeIgniter.php(494): CodeIgniter\CodeIgniter->runController(Object(App\Controllers\AdminDashboardController))
 8 SYSTEMPATH\CodeIgniter.php(353): CodeIgniter\CodeIgniter->handleRequest(null, Object(Config\Cache), false)
 9 FCPATH\index.php(79): CodeIgniter\CodeIgniter->run()
CRITICAL - 2023-11-07 09:41:01 --> Undefined array key "stock"
in APPPATH\Views\productsDashboard.php on line 104.
 1 APPPATH\Views\productsDashboard.php(104): CodeIgniter\Debug\Exceptions->errorHandler(2, 'Undefined array key "stock"', 'C:\\xampp\\htdocs\\CI4-McFaddan\\app\\Views\\productsDashboard.php', 104)
 2 SYSTEMPATH\View\View.php(226): include('C:\\xampp\\htdocs\\CI4-McFaddan\\app\\Views\\productsDashboard.php')
 3 SYSTEMPATH\View\View.php(229): CodeIgniter\View\View->CodeIgniter\View\{closure}()
 4 SYSTEMPATH\Common.php(1188): CodeIgniter\View\View->render('productsDashboard', [], true)
 5 APPPATH\Controllers\AdminDashboardController.php(14): view('productsDashboard', [...])
 6 SYSTEMPATH\CodeIgniter.php(919): App\Controllers\AdminDashboardController->index()
 7 SYSTEMPATH\CodeIgniter.php(494): CodeIgniter\CodeIgniter->runController(Object(App\Controllers\AdminDashboardController))
 8 SYSTEMPATH\CodeIgniter.php(353): CodeIgniter\CodeIgniter->handleRequest(null, Object(Config\Cache), false)
 9 FCPATH\index.php(79): CodeIgniter\CodeIgniter->run()
CRITICAL - 2023-11-07 09:41:04 --> Undefined array key "stock"
in APPPATH\Views\productsDashboard.php on line 104.
 1 APPPATH\Views\productsDashboard.php(104): CodeIgniter\Debug\Exceptions->errorHandler(2, 'Undefined array key "stock"', 'C:\\xampp\\htdocs\\CI4-McFaddan\\app\\Views\\productsDashboard.php', 104)
 2 SYSTEMPATH\View\View.php(226): include('C:\\xampp\\htdocs\\CI4-McFaddan\\app\\Views\\productsDashboard.php')
 3 SYSTEMPATH\View\View.php(229): CodeIgniter\View\View->CodeIgniter\View\{closure}()
 4 SYSTEMPATH\Common.php(1188): CodeIgniter\View\View->render('productsDashboard', [], true)
 5 APPPATH\Controllers\AdminDashboardController.php(14): view('productsDashboard', [...])
 6 SYSTEMPATH\CodeIgniter.php(919): App\Controllers\AdminDashboardController->index()
 7 SYSTEMPATH\CodeIgniter.php(494): CodeIgniter\CodeIgniter->runController(Object(App\Controllers\AdminDashboardController))
 8 SYSTEMPATH\CodeIgniter.php(353): CodeIgniter\CodeIgniter->handleRequest(null, Object(Config\Cache), false)
 9 FCPATH\index.php(79): CodeIgniter\CodeIgniter->run()
CRITICAL - 2023-11-07 09:41:04 --> Undefined array key "stock"
in APPPATH\Views\productsDashboard.php on line 104.
 1 APPPATH\Views\productsDashboard.php(104): CodeIgniter\Debug\Exceptions->errorHandler(2, 'Undefined array key "stock"', 'C:\\xampp\\htdocs\\CI4-McFaddan\\app\\Views\\productsDashboard.php', 104)
 2 SYSTEMPATH\View\View.php(226): include('C:\\xampp\\htdocs\\CI4-McFaddan\\app\\Views\\productsDashboard.php')
 3 SYSTEMPATH\View\View.php(229): CodeIgniter\View\View->CodeIgniter\View\{closure}()
 4 SYSTEMPATH\Common.php(1188): CodeIgniter\View\View->render('productsDashboard', [], true)
 5 APPPATH\Controllers\AdminDashboardController.php(14): view('productsDashboard', [...])
 6 SYSTEMPATH\CodeIgniter.php(919): App\Controllers\AdminDashboardController->index()
 7 SYSTEMPATH\CodeIgniter.php(494): CodeIgniter\CodeIgniter->runController(Object(App\Controllers\AdminDashboardController))
 8 SYSTEMPATH\CodeIgniter.php(353): CodeIgniter\CodeIgniter->handleRequest(null, Object(Config\Cache), false)
 9 FCPATH\index.php(79): CodeIgniter\CodeIgniter->run()
CRITICAL - 2023-11-07 09:43:50 --> Undefined array key "stock"
in APPPATH\Views\productsDashboard.php on line 106.
 1 APPPATH\Views\productsDashboard.php(106): CodeIgniter\Debug\Exceptions->errorHandler(2, 'Undefined array key "stock"', 'C:\\xampp\\htdocs\\CI4-McFaddan\\app\\Views\\productsDashboard.php', 106)
 2 SYSTEMPATH\View\View.php(226): include('C:\\xampp\\htdocs\\CI4-McFaddan\\app\\Views\\productsDashboard.php')
 3 SYSTEMPATH\View\View.php(229): CodeIgniter\View\View->CodeIgniter\View\{closure}()
 4 SYSTEMPATH\Common.php(1188): CodeIgniter\View\View->render('productsDashboard', [], true)
 5 APPPATH\Controllers\AdminDashboardController.php(14): view('productsDashboard', [...])
 6 SYSTEMPATH\CodeIgniter.php(919): App\Controllers\AdminDashboardController->index()
 7 SYSTEMPATH\CodeIgniter.php(494): CodeIgniter\CodeIgniter->runController(Object(App\Controllers\AdminDashboardController))
 8 SYSTEMPATH\CodeIgniter.php(353): CodeIgniter\CodeIgniter->handleRequest(null, Object(Config\Cache), false)
 9 FCPATH\index.php(79): CodeIgniter\CodeIgniter->run()
CRITICAL - 2023-11-07 09:43:50 --> Undefined array key "stock"
in APPPATH\Views\productsDashboard.php on line 106.
 1 APPPATH\Views\productsDashboard.php(106): CodeIgniter\Debug\Exceptions->errorHandler(2, 'Undefined array key "stock"', 'C:\\xampp\\htdocs\\CI4-McFaddan\\app\\Views\\productsDashboard.php', 106)
 2 SYSTEMPATH\View\View.php(226): include('C:\\xampp\\htdocs\\CI4-McFaddan\\app\\Views\\productsDashboard.php')
 3 SYSTEMPATH\View\View.php(229): CodeIgniter\View\View->CodeIgniter\View\{closure}()
 4 SYSTEMPATH\Common.php(1188): CodeIgniter\View\View->render('productsDashboard', [], true)
 5 APPPATH\Controllers\AdminDashboardController.php(14): view('productsDashboard', [...])
 6 SYSTEMPATH\CodeIgniter.php(919): App\Controllers\AdminDashboardController->index()
 7 SYSTEMPATH\CodeIgniter.php(494): CodeIgniter\CodeIgniter->runController(Object(App\Controllers\AdminDashboardController))
 8 SYSTEMPATH\CodeIgniter.php(353): CodeIgniter\CodeIgniter->handleRequest(null, Object(Config\Cache), false)
 9 FCPATH\index.php(79): CodeIgniter\CodeIgniter->run()
CRITICAL - 2023-11-07 09:44:03 --> Undefined array key "stock"
in APPPATH\Views\productsDashboard.php on line 104.
 1 APPPATH\Views\productsDashboard.php(104): CodeIgniter\Debug\Exceptions->errorHandler(2, 'Undefined array key "stock"', 'C:\\xampp\\htdocs\\CI4-McFaddan\\app\\Views\\productsDashboard.php', 104)
 2 SYSTEMPATH\View\View.php(226): include('C:\\xampp\\htdocs\\CI4-McFaddan\\app\\Views\\productsDashboard.php')
 3 SYSTEMPATH\View\View.php(229): CodeIgniter\View\View->CodeIgniter\View\{closure}()
 4 SYSTEMPATH\Common.php(1188): CodeIgniter\View\View->render('productsDashboard', [], true)
 5 APPPATH\Controllers\AdminDashboardController.php(14): view('productsDashboard', [...])
 6 SYSTEMPATH\CodeIgniter.php(919): App\Controllers\AdminDashboardController->index()
 7 SYSTEMPATH\CodeIgniter.php(494): CodeIgniter\CodeIgniter->runController(Object(App\Controllers\AdminDashboardController))
 8 SYSTEMPATH\CodeIgniter.php(353): CodeIgniter\CodeIgniter->handleRequest(null, Object(Config\Cache), false)
 9 FCPATH\index.php(79): CodeIgniter\CodeIgniter->run()
CRITICAL - 2023-11-07 09:44:03 --> Undefined array key "stock"
in APPPATH\Views\productsDashboard.php on line 104.
 1 APPPATH\Views\productsDashboard.php(104): CodeIgniter\Debug\Exceptions->errorHandler(2, 'Undefined array key "stock"', 'C:\\xampp\\htdocs\\CI4-McFaddan\\app\\Views\\productsDashboard.php', 104)
 2 SYSTEMPATH\View\View.php(226): include('C:\\xampp\\htdocs\\CI4-McFaddan\\app\\Views\\productsDashboard.php')
 3 SYSTEMPATH\View\View.php(229): CodeIgniter\View\View->CodeIgniter\View\{closure}()
 4 SYSTEMPATH\Common.php(1188): CodeIgniter\View\View->render('productsDashboard', [], true)
 5 APPPATH\Controllers\AdminDashboardController.php(14): view('productsDashboard', [...])
 6 SYSTEMPATH\CodeIgniter.php(919): App\Controllers\AdminDashboardController->index()
 7 SYSTEMPATH\CodeIgniter.php(494): CodeIgniter\CodeIgniter->runController(Object(App\Controllers\AdminDashboardController))
 8 SYSTEMPATH\CodeIgniter.php(353): CodeIgniter\CodeIgniter->handleRequest(null, Object(Config\Cache), false)
 9 FCPATH\index.php(79): CodeIgniter\CodeIgniter->run()
