INFO - 2023-12-04 14:47:21 --> Session: Class initialized using 'CodeIgniter\Session\Handlers\FileHandler' driver.
ERROR - 2023-12-04 14:47:25 --> Error connecting to the database: mysqli_sql_exception: No connection could be made because the target machine actively refused it in C:\xampp\htdocs\GroupProjectISD3\CI4-McFaddan\system\Database\MySQLi\Connection.php:185
Stack trace:
#0 C:\xampp\htdocs\GroupProjectISD3\CI4-McFaddan\system\Database\MySQLi\Connection.php(185): mysqli->real_connect('localhost', 'root', '', 'mcfaddan', 3307, '', 0)
#1 C:\xampp\htdocs\GroupProjectISD3\CI4-McFaddan\system\Database\BaseConnection.php(391): CodeIgniter\Database\MySQLi\Connection->connect(false)
#2 C:\xampp\htdocs\GroupProjectISD3\CI4-McFaddan\system\Database\BaseConnection.php(574): CodeIgniter\Database\BaseConnection->initialize()
#3 C:\xampp\htdocs\GroupProjectISD3\CI4-McFaddan\system\Database\BaseBuilder.php(1615): CodeIgniter\Database\BaseConnection->query('SELECT *\nFROM `...', Array, false)
#4 C:\xampp\htdocs\GroupProjectISD3\CI4-McFaddan\system\Model.php(237): CodeIgniter\Database\BaseBuilder->get()
#5 C:\xampp\htdocs\GroupProjectISD3\CI4-McFaddan\system\BaseModel.php(624): CodeIgniter\Model->doFindAll(0, 0)
#6 C:\xampp\htdocs\GroupProjectISD3\CI4-McFaddan\app\Controllers\MemberController.php(157): CodeIgniter\BaseModel->findAll()
#7 C:\xampp\htdocs\GroupProjectISD3\CI4-McFaddan\app\Controllers\MemberController.php(129): App\Controllers\MemberController->loadProducts()
#8 C:\xampp\htdocs\GroupProjectISD3\CI4-McFaddan\system\CodeIgniter.php(919): App\Controllers\MemberController->index()
#9 C:\xampp\htdocs\GroupProjectISD3\CI4-McFaddan\system\CodeIgniter.php(494): CodeIgniter\CodeIgniter->runController(Object(App\Controllers\MemberController))
#10 C:\xampp\htdocs\GroupProjectISD3\CI4-McFaddan\system\CodeIgniter.php(353): CodeIgniter\CodeIgniter->handleRequest(NULL, Object(Config\Cache), false)
#11 C:\xampp\htdocs\GroupProjectISD3\CI4-McFaddan\public\index.php(79): CodeIgniter\CodeIgniter->run()
#12 {main}

Next CodeIgniter\Database\Exceptions\DatabaseException: No connection could be made because the target machine actively refused it in C:\xampp\htdocs\GroupProjectISD3\CI4-McFaddan\system\Database\MySQLi\Connection.php:229
Stack trace:
#0 C:\xampp\htdocs\GroupProjectISD3\CI4-McFaddan\system\Database\BaseConnection.php(391): CodeIgniter\Database\MySQLi\Connection->connect(false)
#1 C:\xampp\htdocs\GroupProjectISD3\CI4-McFaddan\system\Database\BaseConnection.php(574): CodeIgniter\Database\BaseConnection->initialize()
#2 C:\xampp\htdocs\GroupProjectISD3\CI4-McFaddan\system\Database\BaseBuilder.php(1615): CodeIgniter\Database\BaseConnection->query('SELECT *\nFROM `...', Array, false)
#3 C:\xampp\htdocs\GroupProjectISD3\CI4-McFaddan\system\Model.php(237): CodeIgniter\Database\BaseBuilder->get()
#4 C:\xampp\htdocs\GroupProjectISD3\CI4-McFaddan\system\BaseModel.php(624): CodeIgniter\Model->doFindAll(0, 0)
#5 C:\xampp\htdocs\GroupProjectISD3\CI4-McFaddan\app\Controllers\MemberController.php(157): CodeIgniter\BaseModel->findAll()
#6 C:\xampp\htdocs\GroupProjectISD3\CI4-McFaddan\app\Controllers\MemberController.php(129): App\Controllers\MemberController->loadProducts()
#7 C:\xampp\htdocs\GroupProjectISD3\CI4-McFaddan\system\CodeIgniter.php(919): App\Controllers\MemberController->index()
#8 C:\xampp\htdocs\GroupProjectISD3\CI4-McFaddan\system\CodeIgniter.php(494): CodeIgniter\CodeIgniter->runController(Object(App\Controllers\MemberController))
#9 C:\xampp\htdocs\GroupProjectISD3\CI4-McFaddan\system\CodeIgniter.php(353): CodeIgniter\CodeIgniter->handleRequest(NULL, Object(Config\Cache), false)
#10 C:\xampp\htdocs\GroupProjectISD3\CI4-McFaddan\public\index.php(79): CodeIgniter\CodeIgniter->run()
#11 {main}
CRITICAL - 2023-12-04 14:47:25 --> Unable to connect to the database.
Main connection [MySQLi]: No connection could be made because the target machine actively refused it
in SYSTEMPATH\Database\BaseConnection.php on line 427.
 1 SYSTEMPATH\Database\BaseConnection.php(574): CodeIgniter\Database\BaseConnection->initialize()
 2 SYSTEMPATH\Database\BaseBuilder.php(1615): CodeIgniter\Database\BaseConnection->query('SELECT *
FROM `product`', [], false)
 3 SYSTEMPATH\Model.php(237): CodeIgniter\Database\BaseBuilder->get()
 4 SYSTEMPATH\BaseModel.php(624): CodeIgniter\Model->doFindAll(0, 0)
 5 APPPATH\Controllers\MemberController.php(157): CodeIgniter\BaseModel->findAll()
 6 APPPATH\Controllers\MemberController.php(129): App\Controllers\MemberController->loadProducts()
 7 SYSTEMPATH\CodeIgniter.php(919): App\Controllers\MemberController->index()
 8 SYSTEMPATH\CodeIgniter.php(494): CodeIgniter\CodeIgniter->runController(Object(App\Controllers\MemberController))
 9 SYSTEMPATH\CodeIgniter.php(353): CodeIgniter\CodeIgniter->handleRequest(null, Object(Config\Cache), false)
10 FCPATH\index.php(79): CodeIgniter\CodeIgniter->run()
INFO - 2023-12-04 14:47:27 --> Session: Class initialized using 'CodeIgniter\Session\Handlers\FileHandler' driver.
ERROR - 2023-12-04 14:47:31 --> Error connecting to the database: mysqli_sql_exception: No connection could be made because the target machine actively refused it in C:\xampp\htdocs\GroupProjectISD3\CI4-McFaddan\system\Database\MySQLi\Connection.php:185
Stack trace:
#0 C:\xampp\htdocs\GroupProjectISD3\CI4-McFaddan\system\Database\MySQLi\Connection.php(185): mysqli->real_connect('localhost', 'root', '', 'mcfaddan', 3307, '', 0)
#1 C:\xampp\htdocs\GroupProjectISD3\CI4-McFaddan\system\Database\BaseConnection.php(391): CodeIgniter\Database\MySQLi\Connection->connect(false)
#2 C:\xampp\htdocs\GroupProjectISD3\CI4-McFaddan\system\Database\BaseConnection.php(574): CodeIgniter\Database\BaseConnection->initialize()
#3 C:\xampp\htdocs\GroupProjectISD3\CI4-McFaddan\system\Database\BaseBuilder.php(1615): CodeIgniter\Database\BaseConnection->query('SELECT *\nFROM `...', Array, false)
#4 C:\xampp\htdocs\GroupProjectISD3\CI4-McFaddan\system\Model.php(237): CodeIgniter\Database\BaseBuilder->get()
#5 C:\xampp\htdocs\GroupProjectISD3\CI4-McFaddan\system\BaseModel.php(624): CodeIgniter\Model->doFindAll(0, 0)
#6 C:\xampp\htdocs\GroupProjectISD3\CI4-McFaddan\app\Controllers\MemberController.php(157): CodeIgniter\BaseModel->findAll()
#7 C:\xampp\htdocs\GroupProjectISD3\CI4-McFaddan\app\Controllers\MemberController.php(129): App\Controllers\MemberController->loadProducts()
#8 C:\xampp\htdocs\GroupProjectISD3\CI4-McFaddan\system\CodeIgniter.php(919): App\Controllers\MemberController->index()
#9 C:\xampp\htdocs\GroupProjectISD3\CI4-McFaddan\system\CodeIgniter.php(494): CodeIgniter\CodeIgniter->runController(Object(App\Controllers\MemberController))
#10 C:\xampp\htdocs\GroupProjectISD3\CI4-McFaddan\system\CodeIgniter.php(353): CodeIgniter\CodeIgniter->handleRequest(NULL, Object(Config\Cache), false)
#11 C:\xampp\htdocs\GroupProjectISD3\CI4-McFaddan\public\index.php(79): CodeIgniter\CodeIgniter->run()
#12 {main}

Next CodeIgniter\Database\Exceptions\DatabaseException: No connection could be made because the target machine actively refused it in C:\xampp\htdocs\GroupProjectISD3\CI4-McFaddan\system\Database\MySQLi\Connection.php:229
Stack trace:
#0 C:\xampp\htdocs\GroupProjectISD3\CI4-McFaddan\system\Database\BaseConnection.php(391): CodeIgniter\Database\MySQLi\Connection->connect(false)
#1 C:\xampp\htdocs\GroupProjectISD3\CI4-McFaddan\system\Database\BaseConnection.php(574): CodeIgniter\Database\BaseConnection->initialize()
#2 C:\xampp\htdocs\GroupProjectISD3\CI4-McFaddan\system\Database\BaseBuilder.php(1615): CodeIgniter\Database\BaseConnection->query('SELECT *\nFROM `...', Array, false)
#3 C:\xampp\htdocs\GroupProjectISD3\CI4-McFaddan\system\Model.php(237): CodeIgniter\Database\BaseBuilder->get()
#4 C:\xampp\htdocs\GroupProjectISD3\CI4-McFaddan\system\BaseModel.php(624): CodeIgniter\Model->doFindAll(0, 0)
#5 C:\xampp\htdocs\GroupProjectISD3\CI4-McFaddan\app\Controllers\MemberController.php(157): CodeIgniter\BaseModel->findAll()
#6 C:\xampp\htdocs\GroupProjectISD3\CI4-McFaddan\app\Controllers\MemberController.php(129): App\Controllers\MemberController->loadProducts()
#7 C:\xampp\htdocs\GroupProjectISD3\CI4-McFaddan\system\CodeIgniter.php(919): App\Controllers\MemberController->index()
#8 C:\xampp\htdocs\GroupProjectISD3\CI4-McFaddan\system\CodeIgniter.php(494): CodeIgniter\CodeIgniter->runController(Object(App\Controllers\MemberController))
#9 C:\xampp\htdocs\GroupProjectISD3\CI4-McFaddan\system\CodeIgniter.php(353): CodeIgniter\CodeIgniter->handleRequest(NULL, Object(Config\Cache), false)
#10 C:\xampp\htdocs\GroupProjectISD3\CI4-McFaddan\public\index.php(79): CodeIgniter\CodeIgniter->run()
#11 {main}
CRITICAL - 2023-12-04 14:47:31 --> Unable to connect to the database.
Main connection [MySQLi]: No connection could be made because the target machine actively refused it
in SYSTEMPATH\Database\BaseConnection.php on line 427.
 1 SYSTEMPATH\Database\BaseConnection.php(574): CodeIgniter\Database\BaseConnection->initialize()
 2 SYSTEMPATH\Database\BaseBuilder.php(1615): CodeIgniter\Database\BaseConnection->query('SELECT *
FROM `product`', [], false)
 3 SYSTEMPATH\Model.php(237): CodeIgniter\Database\BaseBuilder->get()
 4 SYSTEMPATH\BaseModel.php(624): CodeIgniter\Model->doFindAll(0, 0)
 5 APPPATH\Controllers\MemberController.php(157): CodeIgniter\BaseModel->findAll()
 6 APPPATH\Controllers\MemberController.php(129): App\Controllers\MemberController->loadProducts()
 7 SYSTEMPATH\CodeIgniter.php(919): App\Controllers\MemberController->index()
 8 SYSTEMPATH\CodeIgniter.php(494): CodeIgniter\CodeIgniter->runController(Object(App\Controllers\MemberController))
 9 SYSTEMPATH\CodeIgniter.php(353): CodeIgniter\CodeIgniter->handleRequest(null, Object(Config\Cache), false)
10 FCPATH\index.php(79): CodeIgniter\CodeIgniter->run()
INFO - 2023-12-04 14:47:48 --> Session: Class initialized using 'CodeIgniter\Session\Handlers\FileHandler' driver.
ERROR - 2023-12-04 14:47:48 --> mysqli_sql_exception: PROCEDURE mcfaddan.GetAllCategories does not exist in C:\xampp\htdocs\GroupProjectISD3\CI4-McFaddan\system\Database\MySQLi\Connection.php:306
Stack trace:
#0 C:\xampp\htdocs\GroupProjectISD3\CI4-McFaddan\system\Database\MySQLi\Connection.php(306): mysqli->query('CALL GetAllCate...', 0)
#1 C:\xampp\htdocs\GroupProjectISD3\CI4-McFaddan\system\Database\BaseConnection.php(692): CodeIgniter\Database\MySQLi\Connection->execute('CALL GetAllCate...')
#2 C:\xampp\htdocs\GroupProjectISD3\CI4-McFaddan\system\Database\BaseConnection.php(606): CodeIgniter\Database\BaseConnection->simpleQuery('CALL GetAllCate...')
#3 C:\xampp\htdocs\GroupProjectISD3\CI4-McFaddan\system\Model.php(867): CodeIgniter\Database\BaseConnection->query('CALL GetAllCate...')
#4 C:\xampp\htdocs\GroupProjectISD3\CI4-McFaddan\app\Models\MemberModel.php(86): CodeIgniter\Model->__call('query', Array)
#5 C:\xampp\htdocs\GroupProjectISD3\CI4-McFaddan\app\Controllers\MemberController.php(144): App\Models\MemberModel->get_all_categories()
#6 C:\xampp\htdocs\GroupProjectISD3\CI4-McFaddan\system\CodeIgniter.php(919): App\Controllers\MemberController->index()
#7 C:\xampp\htdocs\GroupProjectISD3\CI4-McFaddan\system\CodeIgniter.php(494): CodeIgniter\CodeIgniter->runController(Object(App\Controllers\MemberController))
#8 C:\xampp\htdocs\GroupProjectISD3\CI4-McFaddan\system\CodeIgniter.php(353): CodeIgniter\CodeIgniter->handleRequest(NULL, Object(Config\Cache), false)
#9 C:\xampp\htdocs\GroupProjectISD3\CI4-McFaddan\public\index.php(79): CodeIgniter\CodeIgniter->run()
#10 {main}
CRITICAL - 2023-12-04 14:47:48 --> PROCEDURE mcfaddan.GetAllCategories does not exist
in SYSTEMPATH\Database\BaseConnection.php on line 646.
 1 SYSTEMPATH\Model.php(867): CodeIgniter\Database\BaseConnection->query('CALL GetAllCategories()')
 2 APPPATH\Models\MemberModel.php(86): CodeIgniter\Model->__call('query', [...])
 3 APPPATH\Controllers\MemberController.php(144): App\Models\MemberModel->get_all_categories()
 4 SYSTEMPATH\CodeIgniter.php(919): App\Controllers\MemberController->index()
 5 SYSTEMPATH\CodeIgniter.php(494): CodeIgniter\CodeIgniter->runController(Object(App\Controllers\MemberController))
 6 SYSTEMPATH\CodeIgniter.php(353): CodeIgniter\CodeIgniter->handleRequest(null, Object(Config\Cache), false)
 7 FCPATH\index.php(79): CodeIgniter\CodeIgniter->run()
INFO - 2023-12-04 14:47:48 --> Session: Class initialized using 'CodeIgniter\Session\Handlers\FileHandler' driver.
ERROR - 2023-12-04 14:47:48 --> mysqli_sql_exception: PROCEDURE mcfaddan.GetAllCategories does not exist in C:\xampp\htdocs\GroupProjectISD3\CI4-McFaddan\system\Database\MySQLi\Connection.php:306
Stack trace:
#0 C:\xampp\htdocs\GroupProjectISD3\CI4-McFaddan\system\Database\MySQLi\Connection.php(306): mysqli->query('CALL GetAllCate...', 0)
#1 C:\xampp\htdocs\GroupProjectISD3\CI4-McFaddan\system\Database\BaseConnection.php(692): CodeIgniter\Database\MySQLi\Connection->execute('CALL GetAllCate...')
#2 C:\xampp\htdocs\GroupProjectISD3\CI4-McFaddan\system\Database\BaseConnection.php(606): CodeIgniter\Database\BaseConnection->simpleQuery('CALL GetAllCate...')
#3 C:\xampp\htdocs\GroupProjectISD3\CI4-McFaddan\system\Model.php(867): CodeIgniter\Database\BaseConnection->query('CALL GetAllCate...')
#4 C:\xampp\htdocs\GroupProjectISD3\CI4-McFaddan\app\Models\MemberModel.php(86): CodeIgniter\Model->__call('query', Array)
#5 C:\xampp\htdocs\GroupProjectISD3\CI4-McFaddan\app\Controllers\MemberController.php(144): App\Models\MemberModel->get_all_categories()
#6 C:\xampp\htdocs\GroupProjectISD3\CI4-McFaddan\system\CodeIgniter.php(919): App\Controllers\MemberController->index()
#7 C:\xampp\htdocs\GroupProjectISD3\CI4-McFaddan\system\CodeIgniter.php(494): CodeIgniter\CodeIgniter->runController(Object(App\Controllers\MemberController))
#8 C:\xampp\htdocs\GroupProjectISD3\CI4-McFaddan\system\CodeIgniter.php(353): CodeIgniter\CodeIgniter->handleRequest(NULL, Object(Config\Cache), false)
#9 C:\xampp\htdocs\GroupProjectISD3\CI4-McFaddan\public\index.php(79): CodeIgniter\CodeIgniter->run()
#10 {main}
CRITICAL - 2023-12-04 14:47:48 --> PROCEDURE mcfaddan.GetAllCategories does not exist
in SYSTEMPATH\Database\BaseConnection.php on line 646.
 1 SYSTEMPATH\Model.php(867): CodeIgniter\Database\BaseConnection->query('CALL GetAllCategories()')
 2 APPPATH\Models\MemberModel.php(86): CodeIgniter\Model->__call('query', [...])
 3 APPPATH\Controllers\MemberController.php(144): App\Models\MemberModel->get_all_categories()
 4 SYSTEMPATH\CodeIgniter.php(919): App\Controllers\MemberController->index()
 5 SYSTEMPATH\CodeIgniter.php(494): CodeIgniter\CodeIgniter->runController(Object(App\Controllers\MemberController))
 6 SYSTEMPATH\CodeIgniter.php(353): CodeIgniter\CodeIgniter->handleRequest(null, Object(Config\Cache), false)
 7 FCPATH\index.php(79): CodeIgniter\CodeIgniter->run()
INFO - 2023-12-04 14:49:28 --> Session: Class initialized using 'CodeIgniter\Session\Handlers\FileHandler' driver.
INFO - 2023-12-04 14:49:30 --> Session: Class initialized using 'CodeIgniter\Session\Handlers\FileHandler' driver.
INFO - 2023-12-04 14:49:52 --> Session: Class initialized using 'CodeIgniter\Session\Handlers\FileHandler' driver.
INFO - 2023-12-04 14:49:52 --> Session: Class initialized using 'CodeIgniter\Session\Handlers\FileHandler' driver.
INFO - 2023-12-04 14:50:07 --> Session: Class initialized using 'CodeIgniter\Session\Handlers\FileHandler' driver.
INFO - 2023-12-04 14:50:07 --> Session: Class initialized using 'CodeIgniter\Session\Handlers\FileHandler' driver.
ERROR - 2023-12-04 14:50:38 --> Email: sendWithSmtp throwed ErrorException: fsockopen(): Unable to connect to smtp.gmail.com:587 (A connection attempt failed because the connected party did not properly respond after a period of time, or established connection failed because connected host has failed to respond) in C:\xampp\htdocs\GroupProjectISD3\CI4-McFaddan\system\Email\Email.php:1888
Stack trace:
#0 [internal function]: CodeIgniter\Debug\Exceptions->errorHandler(2, 'fsockopen(): Un...', 'C:\\xampp\\htdocs...', 1888)
#1 C:\xampp\htdocs\GroupProjectISD3\CI4-McFaddan\system\Email\Email.php(1888): fsockopen('smtp.gmail.com', 587, NULL, NULL, 60)
#2 C:\xampp\htdocs\GroupProjectISD3\CI4-McFaddan\system\Email\Email.php(1796): CodeIgniter\Email\Email->SMTPConnect()
#3 C:\xampp\htdocs\GroupProjectISD3\CI4-McFaddan\system\Email\Email.php(1681): CodeIgniter\Email\Email->sendWithSmtp()
#4 C:\xampp\htdocs\GroupProjectISD3\CI4-McFaddan\system\Email\Email.php(1575): CodeIgniter\Email\Email->spoolEmail()
#5 C:\xampp\htdocs\GroupProjectISD3\CI4-McFaddan\app\Controllers\MemberController.php(109): CodeIgniter\Email\Email->send()
#6 C:\xampp\htdocs\GroupProjectISD3\CI4-McFaddan\system\CodeIgniter.php(919): App\Controllers\MemberController->contactUs()
#7 C:\xampp\htdocs\GroupProjectISD3\CI4-McFaddan\system\CodeIgniter.php(494): CodeIgniter\CodeIgniter->runController(Object(App\Controllers\MemberController))
#8 C:\xampp\htdocs\GroupProjectISD3\CI4-McFaddan\system\CodeIgniter.php(353): CodeIgniter\CodeIgniter->handleRequest(NULL, Object(Config\Cache), false)
#9 C:\xampp\htdocs\GroupProjectISD3\CI4-McFaddan\public\index.php(79): CodeIgniter\CodeIgniter->run()
#10 {main}
ERROR - 2023-12-04 14:50:38 --> Email: Unable to send email using SMTP. Your server might not be configured to send mail using this method.
ERROR - 2023-12-04 14:50:38 --> 
INFO - 2023-12-04 14:52:56 --> Session: Class initialized using 'CodeIgniter\Session\Handlers\FileHandler' driver.
INFO - 2023-12-04 14:52:56 --> Session: Class initialized using 'CodeIgniter\Session\Handlers\FileHandler' driver.
INFO - 2023-12-04 14:53:44 --> Session: Class initialized using 'CodeIgniter\Session\Handlers\FileHandler' driver.
INFO - 2023-12-04 14:53:45 --> Session: Class initialized using 'CodeIgniter\Session\Handlers\FileHandler' driver.
CRITICAL - 2023-12-04 14:54:03 --> Undefined variable $cartCount
in APPPATH\Views\portal.php on line 93.
 1 APPPATH\Views\portal.php(93): CodeIgniter\Debug\Exceptions->errorHandler(2, 'Undefined variable $cartCount', 'C:\\xampp\\htdocs\\GroupProjectISD3\\CI4-McFaddan\\app\\Views\\portal.php', 93)
 2 SYSTEMPATH\View\View.php(226): include('C:\\xampp\\htdocs\\GroupProjectISD3\\CI4-McFaddan\\app\\Views\\portal.php')
 3 SYSTEMPATH\View\View.php(229): CodeIgniter\View\View->CodeIgniter\View\{closure}()
 4 SYSTEMPATH\Common.php(1188): CodeIgniter\View\View->render('portal', [], true)
 5 APPPATH\Controllers\MemberController.php(536): view('portal', [...])
 6 SYSTEMPATH\CodeIgniter.php(919): App\Controllers\MemberController->register()
 7 SYSTEMPATH\CodeIgniter.php(494): CodeIgniter\CodeIgniter->runController(Object(App\Controllers\MemberController))
 8 SYSTEMPATH\CodeIgniter.php(353): CodeIgniter\CodeIgniter->handleRequest(null, Object(Config\Cache), false)
 9 FCPATH\index.php(79): CodeIgniter\CodeIgniter->run()
INFO - 2023-12-04 14:54:04 --> Session: Class initialized using 'CodeIgniter\Session\Handlers\FileHandler' driver.
INFO - 2023-12-04 14:54:07 --> Session: Class initialized using 'CodeIgniter\Session\Handlers\FileHandler' driver.
INFO - 2023-12-04 14:54:07 --> Session: Class initialized using 'CodeIgniter\Session\Handlers\FileHandler' driver.
INFO - 2023-12-04 14:54:11 --> Session: Class initialized using 'CodeIgniter\Session\Handlers\FileHandler' driver.
INFO - 2023-12-04 14:54:12 --> Session: Class initialized using 'CodeIgniter\Session\Handlers\FileHandler' driver.
INFO - 2023-12-04 14:54:12 --> Session: Class initialized using 'CodeIgniter\Session\Handlers\FileHandler' driver.
INFO - 2023-12-04 14:54:38 --> Session: Class initialized using 'CodeIgniter\Session\Handlers\FileHandler' driver.
INFO - 2023-12-04 14:54:38 --> Session: Class initialized using 'CodeIgniter\Session\Handlers\FileHandler' driver.
INFO - 2023-12-04 14:54:38 --> Session: Class initialized using 'CodeIgniter\Session\Handlers\FileHandler' driver.
INFO - 2023-12-04 14:54:40 --> Session: Class initialized using 'CodeIgniter\Session\Handlers\FileHandler' driver.
INFO - 2023-12-04 14:54:41 --> Session: Class initialized using 'CodeIgniter\Session\Handlers\FileHandler' driver.
CRITICAL - 2023-12-04 14:54:55 --> Undefined variable $cartCount
in APPPATH\Views\portal.php on line 93.
 1 APPPATH\Views\portal.php(93): CodeIgniter\Debug\Exceptions->errorHandler(2, 'Undefined variable $cartCount', 'C:\\xampp\\htdocs\\GroupProjectISD3\\CI4-McFaddan\\app\\Views\\portal.php', 93)
 2 SYSTEMPATH\View\View.php(226): include('C:\\xampp\\htdocs\\GroupProjectISD3\\CI4-McFaddan\\app\\Views\\portal.php')
 3 SYSTEMPATH\View\View.php(229): CodeIgniter\View\View->CodeIgniter\View\{closure}()
 4 SYSTEMPATH\Common.php(1188): CodeIgniter\View\View->render('portal', [], true)
 5 APPPATH\Controllers\MemberController.php(536): view('portal', [...])
 6 SYSTEMPATH\CodeIgniter.php(919): App\Controllers\MemberController->register()
 7 SYSTEMPATH\CodeIgniter.php(494): CodeIgniter\CodeIgniter->runController(Object(App\Controllers\MemberController))
 8 SYSTEMPATH\CodeIgniter.php(353): CodeIgniter\CodeIgniter->handleRequest(null, Object(Config\Cache), false)
 9 FCPATH\index.php(79): CodeIgniter\CodeIgniter->run()
INFO - 2023-12-04 14:54:56 --> Session: Class initialized using 'CodeIgniter\Session\Handlers\FileHandler' driver.
INFO - 2023-12-04 14:55:17 --> Session: Class initialized using 'CodeIgniter\Session\Handlers\FileHandler' driver.
INFO - 2023-12-04 14:55:17 --> Session: Class initialized using 'CodeIgniter\Session\Handlers\FileHandler' driver.
INFO - 2023-12-04 14:55:26 --> Session: Class initialized using 'CodeIgniter\Session\Handlers\FileHandler' driver.
INFO - 2023-12-04 14:55:26 --> Session: Class initialized using 'CodeIgniter\Session\Handlers\FileHandler' driver.
INFO - 2023-12-04 14:55:26 --> Session: Class initialized using 'CodeIgniter\Session\Handlers\FileHandler' driver.
INFO - 2023-12-04 14:55:33 --> Session: Class initialized using 'CodeIgniter\Session\Handlers\FileHandler' driver.
INFO - 2023-12-04 14:55:33 --> Session: Class initialized using 'CodeIgniter\Session\Handlers\FileHandler' driver.
INFO - 2023-12-04 14:55:34 --> Session: Class initialized using 'CodeIgniter\Session\Handlers\FileHandler' driver.
INFO - 2023-12-04 14:55:38 --> Session: Class initialized using 'CodeIgniter\Session\Handlers\FileHandler' driver.
INFO - 2023-12-04 14:55:38 --> Session: Class initialized using 'CodeIgniter\Session\Handlers\FileHandler' driver.
CRITICAL - 2023-12-04 14:56:01 --> Undefined variable $cartCount
in APPPATH\Views\portal.php on line 93.
 1 APPPATH\Views\portal.php(93): CodeIgniter\Debug\Exceptions->errorHandler(2, 'Undefined variable $cartCount', 'C:\\xampp\\htdocs\\GroupProjectISD3\\CI4-McFaddan\\app\\Views\\portal.php', 93)
 2 SYSTEMPATH\View\View.php(226): include('C:\\xampp\\htdocs\\GroupProjectISD3\\CI4-McFaddan\\app\\Views\\portal.php')
 3 SYSTEMPATH\View\View.php(229): CodeIgniter\View\View->CodeIgniter\View\{closure}()
 4 SYSTEMPATH\Common.php(1188): CodeIgniter\View\View->render('portal', [], true)
 5 APPPATH\Controllers\MemberController.php(536): view('portal', [...])
 6 SYSTEMPATH\CodeIgniter.php(919): App\Controllers\MemberController->register()
 7 SYSTEMPATH\CodeIgniter.php(494): CodeIgniter\CodeIgniter->runController(Object(App\Controllers\MemberController))
 8 SYSTEMPATH\CodeIgniter.php(353): CodeIgniter\CodeIgniter->handleRequest(null, Object(Config\Cache), false)
 9 FCPATH\index.php(79): CodeIgniter\CodeIgniter->run()
INFO - 2023-12-04 14:56:01 --> Session: Class initialized using 'CodeIgniter\Session\Handlers\FileHandler' driver.
INFO - 2023-12-04 14:57:18 --> Session: Class initialized using 'CodeIgniter\Session\Handlers\FileHandler' driver.
INFO - 2023-12-04 14:57:18 --> Session: Class initialized using 'CodeIgniter\Session\Handlers\FileHandler' driver.
INFO - 2023-12-04 14:58:31 --> Session: Class initialized using 'CodeIgniter\Session\Handlers\FileHandler' driver.
INFO - 2023-12-04 14:58:34 --> Session: Class initialized using 'CodeIgniter\Session\Handlers\FileHandler' driver.
INFO - 2023-12-04 14:58:45 --> Session: Class initialized using 'CodeIgniter\Session\Handlers\FileHandler' driver.
INFO - 2023-12-04 14:58:45 --> Session: Class initialized using 'CodeIgniter\Session\Handlers\FileHandler' driver.
INFO - 2023-12-04 14:58:46 --> Session: Class initialized using 'CodeIgniter\Session\Handlers\FileHandler' driver.
INFO - 2023-12-04 14:58:56 --> Session: Class initialized using 'CodeIgniter\Session\Handlers\FileHandler' driver.
INFO - 2023-12-04 14:58:56 --> Session: Class initialized using 'CodeIgniter\Session\Handlers\FileHandler' driver.
INFO - 2023-12-04 14:58:56 --> Session: Class initialized using 'CodeIgniter\Session\Handlers\FileHandler' driver.
INFO - 2023-12-04 14:58:59 --> Session: Class initialized using 'CodeIgniter\Session\Handlers\FileHandler' driver.
INFO - 2023-12-04 14:59:00 --> Session: Class initialized using 'CodeIgniter\Session\Handlers\FileHandler' driver.
INFO - 2023-12-04 14:59:00 --> Session: Class initialized using 'CodeIgniter\Session\Handlers\FileHandler' driver.
INFO - 2023-12-04 14:59:01 --> Session: Class initialized using 'CodeIgniter\Session\Handlers\FileHandler' driver.
INFO - 2023-12-04 14:59:14 --> Session: Class initialized using 'CodeIgniter\Session\Handlers\FileHandler' driver.
INFO - 2023-12-04 14:59:16 --> Session: Class initialized using 'CodeIgniter\Session\Handlers\FileHandler' driver.
INFO - 2023-12-04 14:59:25 --> Session: Class initialized using 'CodeIgniter\Session\Handlers\FileHandler' driver.
INFO - 2023-12-04 14:59:27 --> Session: Class initialized using 'CodeIgniter\Session\Handlers\FileHandler' driver.
